2017-02-01 02:45:28 Error: Fatal Error (4): syntax error, unexpected '/' in [C:\xampp2\htdocs\PatientCare\src\Template\Patients\index.ctp, line 8]
Request URL: /PatientCare/patients
Referer URL: http://localhost/PatientCare/doctors
Trace:
Cake\Error\BaseErrorHandler::handleFatalError() - CORE\src\Error\BaseErrorHandler.php, line 216
Cake\Error\BaseErrorHandler::Cake\Error\{closure}() - CORE\src\Error\BaseErrorHandler.php, line 98
[main] - [internal], line ??



2017-02-01 02:45:29 Error: [Cake\Error\FatalErrorException] syntax error, unexpected '/'
Request URL: /PatientCare/patients
Referer URL: http://localhost/PatientCare/doctors
Stack Trace:
#0 C:\xampp2\htdocs\PatientCare\vendor\cakephp\cakephp\src\Error\BaseErrorHandler.php(98): Cake\Error\BaseErrorHandler->handleFatalError(4, 'syntax error, u...', 'C:\\xampp2\\htdoc...', 8)
#1 [internal function]: Cake\Error\BaseErrorHandler->Cake\Error\{closure}()
#2 {main}


2017-02-01 02:45:56 Error: [Cake\View\Exception\MissingElementException] Element file "Element\actions.ctp" is missing.
Exception Attributes: array (
  0 => 'Element\\actions.ctp',
)
Request URL: /patients
Referer URL: http://localhost/PatientCare/doctors
Stack Trace:
#0 C:\xampp2\htdocs\PatientCare\src\Template\Patients\index.ctp(7): Cake\View\View->element('actions', Array)
#1 C:\xampp2\htdocs\PatientCare\vendor\cakephp\cakephp\src\View\View.php(1014): include('C:\\xampp2\\htdoc...')
#2 C:\xampp2\htdocs\PatientCare\vendor\cakephp\cakephp\src\View\View.php(973): Cake\View\View->_evaluate('C:\\xampp2\\htdoc...', Array)
#3 C:\xampp2\htdocs\PatientCare\vendor\cakephp\cakephp\src\View\View.php(597): Cake\View\View->_render('C:\\xampp2\\htdoc...')
#4 C:\xampp2\htdocs\PatientCare\vendor\cakephp\cakephp\src\Controller\Controller.php(617): Cake\View\View->render(NULL, NULL)
#5 C:\xampp2\htdocs\PatientCare\vendor\cakephp\cakephp\src\Http\ActionDispatcher.php(127): Cake\Controller\Controller->render()
#6 C:\xampp2\htdocs\PatientCare\vendor\cakephp\cakephp\src\Http\ActionDispatcher.php(95): Cake\Http\ActionDispatcher->_invoke(Object(App\Controller\PatientsController))
#7 C:\xampp2\htdocs\PatientCare\vendor\cakephp\cakephp\src\Http\BaseApplication.php(83): Cake\Http\ActionDispatcher->dispatch(Object(Cake\Network\Request), Object(Cake\Network\Response))
#8 C:\xampp2\htdocs\PatientCare\vendor\cakephp\cakephp\src\Http\Runner.php(65): Cake\Http\BaseApplication->__invoke(Object(Zend\Diactoros\ServerRequest), Object(Zend\Diactoros\Response), Object(Cake\Http\Runner))
#9 C:\xampp2\htdocs\PatientCare\vendor\cakephp\cakephp\src\Routing\Middleware\RoutingMiddleware.php(62): Cake\Http\Runner->__invoke(Object(Zend\Diactoros\ServerRequest), Object(Zend\Diactoros\Response))
#10 C:\xampp2\htdocs\PatientCare\vendor\cakephp\cakephp\src\Http\Runner.php(65): Cake\Routing\Middleware\RoutingMiddleware->__invoke(Object(Zend\Diactoros\ServerRequest), Object(Zend\Diactoros\Response), Object(Cake\Http\Runner))
#11 C:\xampp2\htdocs\PatientCare\vendor\cakephp\cakephp\src\Routing\Middleware\AssetMiddleware.php(88): Cake\Http\Runner->__invoke(Object(Zend\Diactoros\ServerRequest), Object(Zend\Diactoros\Response))
#12 C:\xampp2\htdocs\PatientCare\vendor\cakephp\cakephp\src\Http\Runner.php(65): Cake\Routing\Middleware\AssetMiddleware->__invoke(Object(Zend\Diactoros\ServerRequest), Object(Zend\Diactoros\Response), Object(Cake\Http\Runner))
#13 C:\xampp2\htdocs\PatientCare\vendor\cakephp\cakephp\src\Error\Middleware\ErrorHandlerMiddleware.php(81): Cake\Http\Runner->__invoke(Object(Zend\Diactoros\ServerRequest), Object(Zend\Diactoros\Response))
#14 C:\xampp2\htdocs\PatientCare\vendor\cakephp\cakephp\src\Http\Runner.php(65): Cake\Error\Middleware\ErrorHandlerMiddleware->__invoke(Object(Zend\Diactoros\ServerRequest), Object(Zend\Diactoros\Response), Object(Cake\Http\Runner))
#15 C:\xampp2\htdocs\PatientCare\vendor\cakephp\cakephp\src\Http\Runner.php(51): Cake\Http\Runner->__invoke(Object(Zend\Diactoros\ServerRequest), Object(Zend\Diactoros\Response))
#16 C:\xampp2\htdocs\PatientCare\vendor\cakephp\cakephp\src\Http\Server.php(90): Cake\Http\Runner->run(Object(Cake\Http\MiddlewareQueue), Object(Zend\Diactoros\ServerRequest), Object(Zend\Diactoros\Response))
#17 C:\xampp2\htdocs\PatientCare\webroot\index.php(37): Cake\Http\Server->run()
#18 {main}


2017-02-02 16:30:23 Error: [Cake\View\Exception\MissingHelperException] Helper class FormatHelper could not be found.
Exception Attributes: array (
  'class' => 'FormatHelper',
  'plugin' => NULL,
)
Request URL: /patients/view/1
Referer URL: http://localhost/PatientCare/patients
Stack Trace:
#0 C:\xampp2\htdocs\PatientCare\vendor\cakephp\cakephp\src\Core\ObjectRegistry.php(91): Cake\View\HelperRegistry->_throwMissingClassError('Format', NULL)
#1 C:\xampp2\htdocs\PatientCare\vendor\cakephp\cakephp\src\View\HelperRegistry.php(67): Cake\Core\ObjectRegistry->load('Format')
#2 C:\xampp2\htdocs\PatientCare\vendor\cakephp\cakephp\src\View\View.php(905): Cake\View\HelperRegistry->__isset('Format')
#3 C:\xampp2\htdocs\PatientCare\src\Template\Patients\view.ctp(74): Cake\View\View->__get('Format')
#4 C:\xampp2\htdocs\PatientCare\vendor\cakephp\cakephp\src\View\View.php(1014): include('C:\\xampp2\\htdoc...')
#5 C:\xampp2\htdocs\PatientCare\vendor\cakephp\cakephp\src\View\View.php(973): Cake\View\View->_evaluate('C:\\xampp2\\htdoc...', Array)
#6 C:\xampp2\htdocs\PatientCare\vendor\cakephp\cakephp\src\View\View.php(597): Cake\View\View->_render('C:\\xampp2\\htdoc...')
#7 C:\xampp2\htdocs\PatientCare\vendor\cakephp\cakephp\src\Controller\Controller.php(617): Cake\View\View->render(NULL, NULL)
#8 C:\xampp2\htdocs\PatientCare\vendor\cakephp\cakephp\src\Http\ActionDispatcher.php(127): Cake\Controller\Controller->render()
#9 C:\xampp2\htdocs\PatientCare\vendor\cakephp\cakephp\src\Http\ActionDispatcher.php(95): Cake\Http\ActionDispatcher->_invoke(Object(App\Controller\PatientsController))
#10 C:\xampp2\htdocs\PatientCare\vendor\cakephp\cakephp\src\Http\BaseApplication.php(83): Cake\Http\ActionDispatcher->dispatch(Object(Cake\Network\Request), Object(Cake\Network\Response))
#11 C:\xampp2\htdocs\PatientCare\vendor\cakephp\cakephp\src\Http\Runner.php(65): Cake\Http\BaseApplication->__invoke(Object(Zend\Diactoros\ServerRequest), Object(Zend\Diactoros\Response), Object(Cake\Http\Runner))
#12 C:\xampp2\htdocs\PatientCare\vendor\cakephp\cakephp\src\Routing\Middleware\RoutingMiddleware.php(62): Cake\Http\Runner->__invoke(Object(Zend\Diactoros\ServerRequest), Object(Zend\Diactoros\Response))
#13 C:\xampp2\htdocs\PatientCare\vendor\cakephp\cakephp\src\Http\Runner.php(65): Cake\Routing\Middleware\RoutingMiddleware->__invoke(Object(Zend\Diactoros\ServerRequest), Object(Zend\Diactoros\Response), Object(Cake\Http\Runner))
#14 C:\xampp2\htdocs\PatientCare\vendor\cakephp\cakephp\src\Routing\Middleware\AssetMiddleware.php(88): Cake\Http\Runner->__invoke(Object(Zend\Diactoros\ServerRequest), Object(Zend\Diactoros\Response))
#15 C:\xampp2\htdocs\PatientCare\vendor\cakephp\cakephp\src\Http\Runner.php(65): Cake\Routing\Middleware\AssetMiddleware->__invoke(Object(Zend\Diactoros\ServerRequest), Object(Zend\Diactoros\Response), Object(Cake\Http\Runner))
#16 C:\xampp2\htdocs\PatientCare\vendor\cakephp\cakephp\src\Error\Middleware\ErrorHandlerMiddleware.php(81): Cake\Http\Runner->__invoke(Object(Zend\Diactoros\ServerRequest), Object(Zend\Diactoros\Response))
#17 C:\xampp2\htdocs\PatientCare\vendor\cakephp\cakephp\src\Http\Runner.php(65): Cake\Error\Middleware\ErrorHandlerMiddleware->__invoke(Object(Zend\Diactoros\ServerRequest), Object(Zend\Diactoros\Response), Object(Cake\Http\Runner))
#18 C:\xampp2\htdocs\PatientCare\vendor\cakephp\cakephp\src\Http\Runner.php(51): Cake\Http\Runner->__invoke(Object(Zend\Diactoros\ServerRequest), Object(Zend\Diactoros\Response))
#19 C:\xampp2\htdocs\PatientCare\vendor\cakephp\cakephp\src\Http\Server.php(90): Cake\Http\Runner->run(Object(Cake\Http\MiddlewareQueue), Object(Zend\Diactoros\ServerRequest), Object(Zend\Diactoros\Response))
#20 C:\xampp2\htdocs\PatientCare\webroot\index.php(37): Cake\Http\Server->run()
#21 {main}


2017-02-02 16:31:18 Warning: Warning (512): Method App\View\Helper\FormatHelper::getName does not exist in [C:\xampp2\htdocs\PatientCare\vendor\cakephp\cakephp\src\View\Helper.php, line 139]
Request URL: /PatientCare/patients/view/1
Referer URL: http://localhost/PatientCare/patients
Trace:
Cake\Error\BaseErrorHandler::handleError() - CORE\src\Error\BaseErrorHandler.php, line 146
Cake\View\Helper::__call() - CORE\src\View\Helper.php, line 139
App\View\Helper\FormatHelper::getName() - APP/Template\Patients\view.ctp, line 74
include - APP/Template\Patients\view.ctp, line 74
Cake\View\View::_evaluate() - CORE\src\View\View.php, line 1014
Cake\View\View::_render() - CORE\src\View\View.php, line 973
Cake\View\View::render() - CORE\src\View\View.php, line 597
Cake\Controller\Controller::render() - CORE\src\Controller\Controller.php, line 617
Cake\Http\ActionDispatcher::_invoke() - CORE\src\Http\ActionDispatcher.php, line 127
Cake\Http\ActionDispatcher::dispatch() - CORE\src\Http\ActionDispatcher.php, line 95
Cake\Http\BaseApplication::__invoke() - CORE\src\Http\BaseApplication.php, line 83
Cake\Http\Runner::__invoke() - CORE\src\Http\Runner.php, line 65
Cake\Routing\Middleware\RoutingMiddleware::__invoke() - CORE\src\Routing\Middleware\RoutingMiddleware.php, line 62
Cake\Http\Runner::__invoke() - CORE\src\Http\Runner.php, line 65
Cake\Routing\Middleware\AssetMiddleware::__invoke() - CORE\src\Routing\Middleware\AssetMiddleware.php, line 88
Cake\Http\Runner::__invoke() - CORE\src\Http\Runner.php, line 65
Cake\Error\Middleware\ErrorHandlerMiddleware::__invoke() - CORE\src\Error\Middleware\ErrorHandlerMiddleware.php, line 81
Cake\Http\Runner::__invoke() - CORE\src\Http\Runner.php, line 65
Cake\Http\Runner::run() - CORE\src\Http\Runner.php, line 51
Cake\Http\Server::run() - CORE\src\Http\Server.php, line 90
[main] - ROOT\webroot\index.php, line 37



2017-02-02 16:41:20 Warning: Warning (2): Missing argument 2 for App\View\Helper\FormatHelper::getName(), called in C:\xampp2\htdocs\PatientCare\src\Template\Doctors\view.ctp on line 48 and defined in [C:\xampp2\htdocs\PatientCare\src\View\Helper\FormatHelper.php, line 9]
Request URL: /PatientCare/doctors/view/1
Referer URL: http://localhost/PatientCare/doctors
Trace:
Cake\Error\BaseErrorHandler::handleError() - CORE\src\Error\BaseErrorHandler.php, line 146
App\View\Helper\FormatHelper::getName() - APP/View\Helper\FormatHelper.php, line 9
include - APP/Template\Doctors\view.ctp, line 48
Cake\View\View::_evaluate() - CORE\src\View\View.php, line 1014
Cake\View\View::_render() - CORE\src\View\View.php, line 973
Cake\View\View::render() - CORE\src\View\View.php, line 597
Cake\Controller\Controller::render() - CORE\src\Controller\Controller.php, line 617
Cake\Http\ActionDispatcher::_invoke() - CORE\src\Http\ActionDispatcher.php, line 127
Cake\Http\ActionDispatcher::dispatch() - CORE\src\Http\ActionDispatcher.php, line 95
Cake\Http\BaseApplication::__invoke() - CORE\src\Http\BaseApplication.php, line 83
Cake\Http\Runner::__invoke() - CORE\src\Http\Runner.php, line 65
Cake\Routing\Middleware\RoutingMiddleware::__invoke() - CORE\src\Routing\Middleware\RoutingMiddleware.php, line 62
Cake\Http\Runner::__invoke() - CORE\src\Http\Runner.php, line 65
Cake\Routing\Middleware\AssetMiddleware::__invoke() - CORE\src\Routing\Middleware\AssetMiddleware.php, line 88
Cake\Http\Runner::__invoke() - CORE\src\Http\Runner.php, line 65
Cake\Error\Middleware\ErrorHandlerMiddleware::__invoke() - CORE\src\Error\Middleware\ErrorHandlerMiddleware.php, line 81
Cake\Http\Runner::__invoke() - CORE\src\Http\Runner.php, line 65
Cake\Http\Runner::run() - CORE\src\Http\Runner.php, line 51
Cake\Http\Server::run() - CORE\src\Http\Server.php, line 90
[main] - ROOT\webroot\index.php, line 37



2017-02-02 16:41:21 Error: [Cake\Database\Exception] SQLSTATE[42000]: Syntax error or access violation: 1064 You have an error in your SQL syntax; check the manual that corresponds to your MariaDB server version for the right syntax to use near '' at line 1
Request URL: /doctors/view/1
Referer URL: http://localhost/PatientCare/doctors
Stack Trace:
#0 C:\xampp2\htdocs\PatientCare\vendor\cakephp\cakephp\src\Database\Schema\Collection.php(97): Cake\Database\Schema\Collection->_reflect('Column', '', Array, Object(Cake\Database\Schema\Table))
#1 C:\xampp2\htdocs\PatientCare\vendor\cakephp\cakephp\src\Database\Schema\CachedCollection.php(63): Cake\Database\Schema\Collection->describe('', Array)
#2 C:\xampp2\htdocs\PatientCare\vendor\cakephp\cakephp\src\ORM\Table.php(440): Cake\Database\Schema\CachedCollection->describe('')
#3 C:\xampp2\htdocs\PatientCare\vendor\cakephp\cakephp\src\ORM\Query.php(210): Cake\ORM\Table->schema()
#4 C:\xampp2\htdocs\PatientCare\vendor\cakephp\cakephp\src\ORM\Query.php(167): Cake\ORM\Query->addDefaultTypes(Object(Cake\ORM\Table))
#5 C:\xampp2\htdocs\PatientCare\vendor\cakephp\cakephp\src\ORM\Table.php(1336): Cake\ORM\Query->__construct(Object(Cake\Database\Connection), Object(Cake\ORM\Table))
#6 C:\xampp2\htdocs\PatientCare\vendor\cakephp\cakephp\src\ORM\Table.php(964): Cake\ORM\Table->query()
#7 C:\xampp2\htdocs\PatientCare\src\View\Helper\FormatHelper.php(11): Cake\ORM\Table->find()
#8 C:\xampp2\htdocs\PatientCare\src\Template\Doctors\view.ctp(48): App\View\Helper\FormatHelper->getName(1)
#9 C:\xampp2\htdocs\PatientCare\vendor\cakephp\cakephp\src\View\View.php(1014): include('C:\\xampp2\\htdoc...')
#10 C:\xampp2\htdocs\PatientCare\vendor\cakephp\cakephp\src\View\View.php(973): Cake\View\View->_evaluate('C:\\xampp2\\htdoc...', Array)
#11 C:\xampp2\htdocs\PatientCare\vendor\cakephp\cakephp\src\View\View.php(597): Cake\View\View->_render('C:\\xampp2\\htdoc...')
#12 C:\xampp2\htdocs\PatientCare\vendor\cakephp\cakephp\src\Controller\Controller.php(617): Cake\View\View->render(NULL, NULL)
#13 C:\xampp2\htdocs\PatientCare\vendor\cakephp\cakephp\src\Http\ActionDispatcher.php(127): Cake\Controller\Controller->render()
#14 C:\xampp2\htdocs\PatientCare\vendor\cakephp\cakephp\src\Http\ActionDispatcher.php(95): Cake\Http\ActionDispatcher->_invoke(Object(App\Controller\DoctorsController))
#15 C:\xampp2\htdocs\PatientCare\vendor\cakephp\cakephp\src\Http\BaseApplication.php(83): Cake\Http\ActionDispatcher->dispatch(Object(Cake\Network\Request), Object(Cake\Network\Response))
#16 C:\xampp2\htdocs\PatientCare\vendor\cakephp\cakephp\src\Http\Runner.php(65): Cake\Http\BaseApplication->__invoke(Object(Zend\Diactoros\ServerRequest), Object(Zend\Diactoros\Response), Object(Cake\Http\Runner))
#17 C:\xampp2\htdocs\PatientCare\vendor\cakephp\cakephp\src\Routing\Middleware\RoutingMiddleware.php(62): Cake\Http\Runner->__invoke(Object(Zend\Diactoros\ServerRequest), Object(Zend\Diactoros\Response))
#18 C:\xampp2\htdocs\PatientCare\vendor\cakephp\cakephp\src\Http\Runner.php(65): Cake\Routing\Middleware\RoutingMiddleware->__invoke(Object(Zend\Diactoros\ServerRequest), Object(Zend\Diactoros\Response), Object(Cake\Http\Runner))
#19 C:\xampp2\htdocs\PatientCare\vendor\cakephp\cakephp\src\Routing\Middleware\AssetMiddleware.php(88): Cake\Http\Runner->__invoke(Object(Zend\Diactoros\ServerRequest), Object(Zend\Diactoros\Response))
#20 C:\xampp2\htdocs\PatientCare\vendor\cakephp\cakephp\src\Http\Runner.php(65): Cake\Routing\Middleware\AssetMiddleware->__invoke(Object(Zend\Diactoros\ServerRequest), Object(Zend\Diactoros\Response), Object(Cake\Http\Runner))
#21 C:\xampp2\htdocs\PatientCare\vendor\cakephp\cakephp\src\Error\Middleware\ErrorHandlerMiddleware.php(81): Cake\Http\Runner->__invoke(Object(Zend\Diactoros\ServerRequest), Object(Zend\Diactoros\Response))
#22 C:\xampp2\htdocs\PatientCare\vendor\cakephp\cakephp\src\Http\Runner.php(65): Cake\Error\Middleware\ErrorHandlerMiddleware->__invoke(Object(Zend\Diactoros\ServerRequest), Object(Zend\Diactoros\Response), Object(Cake\Http\Runner))
#23 C:\xampp2\htdocs\PatientCare\vendor\cakephp\cakephp\src\Http\Runner.php(51): Cake\Http\Runner->__invoke(Object(Zend\Diactoros\ServerRequest), Object(Zend\Diactoros\Response))
#24 C:\xampp2\htdocs\PatientCare\vendor\cakephp\cakephp\src\Http\Server.php(90): Cake\Http\Runner->run(Object(Cake\Http\MiddlewareQueue), Object(Zend\Diactoros\ServerRequest), Object(Zend\Diactoros\Response))
#25 C:\xampp2\htdocs\PatientCare\webroot\index.php(37): Cake\Http\Server->run()
#26 {main}


2017-02-02 17:32:29 Error: [Cake\Controller\Exception\MissingActionException] Action UsersController::login() could not be found, or is not accessible.
Exception Attributes: array (
  'controller' => 'UsersController',
  'action' => 'login',
  'prefix' => '',
  'plugin' => NULL,
)
Request URL: /users/login
Stack Trace:
#0 C:\xampp2\htdocs\PatientCare\vendor\cakephp\cakephp\src\Http\ActionDispatcher.php(121): Cake\Controller\Controller->invokeAction()
#1 C:\xampp2\htdocs\PatientCare\vendor\cakephp\cakephp\src\Http\ActionDispatcher.php(95): Cake\Http\ActionDispatcher->_invoke(Object(App\Controller\UsersController))
#2 C:\xampp2\htdocs\PatientCare\vendor\cakephp\cakephp\src\Http\BaseApplication.php(83): Cake\Http\ActionDispatcher->dispatch(Object(Cake\Network\Request), Object(Cake\Network\Response))
#3 C:\xampp2\htdocs\PatientCare\vendor\cakephp\cakephp\src\Http\Runner.php(65): Cake\Http\BaseApplication->__invoke(Object(Zend\Diactoros\ServerRequest), Object(Zend\Diactoros\Response), Object(Cake\Http\Runner))
#4 C:\xampp2\htdocs\PatientCare\vendor\cakephp\cakephp\src\Routing\Middleware\RoutingMiddleware.php(62): Cake\Http\Runner->__invoke(Object(Zend\Diactoros\ServerRequest), Object(Zend\Diactoros\Response))
#5 C:\xampp2\htdocs\PatientCare\vendor\cakephp\cakephp\src\Http\Runner.php(65): Cake\Routing\Middleware\RoutingMiddleware->__invoke(Object(Zend\Diactoros\ServerRequest), Object(Zend\Diactoros\Response), Object(Cake\Http\Runner))
#6 C:\xampp2\htdocs\PatientCare\vendor\cakephp\cakephp\src\Routing\Middleware\AssetMiddleware.php(88): Cake\Http\Runner->__invoke(Object(Zend\Diactoros\ServerRequest), Object(Zend\Diactoros\Response))
#7 C:\xampp2\htdocs\PatientCare\vendor\cakephp\cakephp\src\Http\Runner.php(65): Cake\Routing\Middleware\AssetMiddleware->__invoke(Object(Zend\Diactoros\ServerRequest), Object(Zend\Diactoros\Response), Object(Cake\Http\Runner))
#8 C:\xampp2\htdocs\PatientCare\vendor\cakephp\cakephp\src\Error\Middleware\ErrorHandlerMiddleware.php(81): Cake\Http\Runner->__invoke(Object(Zend\Diactoros\ServerRequest), Object(Zend\Diactoros\Response))
#9 C:\xampp2\htdocs\PatientCare\vendor\cakephp\cakephp\src\Http\Runner.php(65): Cake\Error\Middleware\ErrorHandlerMiddleware->__invoke(Object(Zend\Diactoros\ServerRequest), Object(Zend\Diactoros\Response), Object(Cake\Http\Runner))
#10 C:\xampp2\htdocs\PatientCare\vendor\cakephp\cakephp\src\Http\Runner.php(51): Cake\Http\Runner->__invoke(Object(Zend\Diactoros\ServerRequest), Object(Zend\Diactoros\Response))
#11 C:\xampp2\htdocs\PatientCare\vendor\cakephp\cakephp\src\Http\Server.php(90): Cake\Http\Runner->run(Object(Cake\Http\MiddlewareQueue), Object(Zend\Diactoros\ServerRequest), Object(Zend\Diactoros\Response))
#12 C:\xampp2\htdocs\PatientCare\webroot\index.php(37): Cake\Http\Server->run()
#13 {main}


2017-02-03 02:45:13 Error: Fatal Error (4): syntax error, unexpected ''loginAction'' (T_CONSTANT_ENCAPSED_STRING), expecting ']' in [C:\xampp2\htdocs\PatientCare\src\Controller\AppController.php, line 55]
Request URL: /PatientCare/patients
Trace:
Cake\Error\BaseErrorHandler::handleFatalError() - CORE\src\Error\BaseErrorHandler.php, line 216
Cake\Error\BaseErrorHandler::Cake\Error\{closure}() - CORE\src\Error\BaseErrorHandler.php, line 98
[main] - [internal], line ??



2017-02-03 02:46:25 Error: [Cake\Controller\Exception\MissingActionException] Action UsersController::logout() could not be found, or is not accessible.
Exception Attributes: array (
  'controller' => 'UsersController',
  'action' => 'logout',
  'prefix' => '',
  'plugin' => NULL,
)
Request URL: /users/logout
Referer URL: http://localhost/PatientCare/users/login
Stack Trace:
#0 C:\xampp2\htdocs\PatientCare\vendor\cakephp\cakephp\src\Http\ActionDispatcher.php(121): Cake\Controller\Controller->invokeAction()
#1 C:\xampp2\htdocs\PatientCare\vendor\cakephp\cakephp\src\Http\ActionDispatcher.php(95): Cake\Http\ActionDispatcher->_invoke(Object(App\Controller\UsersController))
#2 C:\xampp2\htdocs\PatientCare\vendor\cakephp\cakephp\src\Http\BaseApplication.php(83): Cake\Http\ActionDispatcher->dispatch(Object(Cake\Network\Request), Object(Cake\Network\Response))
#3 C:\xampp2\htdocs\PatientCare\vendor\cakephp\cakephp\src\Http\Runner.php(65): Cake\Http\BaseApplication->__invoke(Object(Zend\Diactoros\ServerRequest), Object(Zend\Diactoros\Response), Object(Cake\Http\Runner))
#4 C:\xampp2\htdocs\PatientCare\vendor\cakephp\cakephp\src\Routing\Middleware\RoutingMiddleware.php(62): Cake\Http\Runner->__invoke(Object(Zend\Diactoros\ServerRequest), Object(Zend\Diactoros\Response))
#5 C:\xampp2\htdocs\PatientCare\vendor\cakephp\cakephp\src\Http\Runner.php(65): Cake\Routing\Middleware\RoutingMiddleware->__invoke(Object(Zend\Diactoros\ServerRequest), Object(Zend\Diactoros\Response), Object(Cake\Http\Runner))
#6 C:\xampp2\htdocs\PatientCare\vendor\cakephp\cakephp\src\Routing\Middleware\AssetMiddleware.php(88): Cake\Http\Runner->__invoke(Object(Zend\Diactoros\ServerRequest), Object(Zend\Diactoros\Response))
#7 C:\xampp2\htdocs\PatientCare\vendor\cakephp\cakephp\src\Http\Runner.php(65): Cake\Routing\Middleware\AssetMiddleware->__invoke(Object(Zend\Diactoros\ServerRequest), Object(Zend\Diactoros\Response), Object(Cake\Http\Runner))
#8 C:\xampp2\htdocs\PatientCare\vendor\cakephp\cakephp\src\Error\Middleware\ErrorHandlerMiddleware.php(81): Cake\Http\Runner->__invoke(Object(Zend\Diactoros\ServerRequest), Object(Zend\Diactoros\Response))
#9 C:\xampp2\htdocs\PatientCare\vendor\cakephp\cakephp\src\Http\Runner.php(65): Cake\Error\Middleware\ErrorHandlerMiddleware->__invoke(Object(Zend\Diactoros\ServerRequest), Object(Zend\Diactoros\Response), Object(Cake\Http\Runner))
#10 C:\xampp2\htdocs\PatientCare\vendor\cakephp\cakephp\src\Http\Runner.php(51): Cake\Http\Runner->__invoke(Object(Zend\Diactoros\ServerRequest), Object(Zend\Diactoros\Response))
#11 C:\xampp2\htdocs\PatientCare\vendor\cakephp\cakephp\src\Http\Server.php(90): Cake\Http\Runner->run(Object(Cake\Http\MiddlewareQueue), Object(Zend\Diactoros\ServerRequest), Object(Zend\Diactoros\Response))
#12 C:\xampp2\htdocs\PatientCare\webroot\index.php(37): Cake\Http\Server->run()
#13 {main}


2017-02-03 03:01:53 Error: [Cake\Database\Exception] SQLSTATE[42S02]: Base table or view not found: 1146 Table 'patientcare.users_table' doesn't exist
Request URL: /users/login
Referer URL: http://localhost/PatientCare/users/login
Stack Trace:
#0 C:\xampp2\htdocs\PatientCare\vendor\cakephp\cakephp\src\Database\Schema\Collection.php(97): Cake\Database\Schema\Collection->_reflect('Column', 'users_table', Array, Object(Cake\Database\Schema\Table))
#1 C:\xampp2\htdocs\PatientCare\vendor\cakephp\cakephp\src\Database\Schema\CachedCollection.php(63): Cake\Database\Schema\Collection->describe('users_table', Array)
#2 C:\xampp2\htdocs\PatientCare\vendor\cakephp\cakephp\src\ORM\Table.php(440): Cake\Database\Schema\CachedCollection->describe('users_table')
#3 C:\xampp2\htdocs\PatientCare\vendor\cakephp\cakephp\src\ORM\Query.php(210): Cake\ORM\Table->schema()
#4 C:\xampp2\htdocs\PatientCare\vendor\cakephp\cakephp\src\ORM\Query.php(167): Cake\ORM\Query->addDefaultTypes(Object(Cake\ORM\Table))
#5 C:\xampp2\htdocs\PatientCare\vendor\cakephp\cakephp\src\ORM\Table.php(1336): Cake\ORM\Query->__construct(Object(Cake\Database\Connection), Object(Cake\ORM\Table))
#6 C:\xampp2\htdocs\PatientCare\vendor\cakephp\cakephp\src\ORM\Table.php(964): Cake\ORM\Table->query()
#7 C:\xampp2\htdocs\PatientCare\vendor\cakephp\cakephp\src\Auth\BaseAuthenticate.php(159): Cake\ORM\Table->find('all', Array)
#8 C:\xampp2\htdocs\PatientCare\vendor\cakephp\cakephp\src\Auth\BaseAuthenticate.php(107): Cake\Auth\BaseAuthenticate->_query('jyo@jsgroup.com')
#9 C:\xampp2\htdocs\PatientCare\vendor\cakephp\cakephp\src\Auth\FormAuthenticate.php(79): Cake\Auth\BaseAuthenticate->_findUser('jyo@jsgroup.com', '5f4dcc3b5aa765d...')
#10 C:\xampp2\htdocs\PatientCare\vendor\cakephp\cakephp\src\Controller\Component\AuthComponent.php(789): Cake\Auth\FormAuthenticate->authenticate(Object(Cake\Network\Request), Object(Cake\Network\Response))
#11 C:\xampp2\htdocs\PatientCare\src\Controller\UsersController.php(114): Cake\Controller\Component\AuthComponent->identify()
#12 [internal function]: App\Controller\UsersController->login()
#13 C:\xampp2\htdocs\PatientCare\vendor\cakephp\cakephp\src\Controller\Controller.php(435): call_user_func_array(Array, Array)
#14 C:\xampp2\htdocs\PatientCare\vendor\cakephp\cakephp\src\Http\ActionDispatcher.php(121): Cake\Controller\Controller->invokeAction()
#15 C:\xampp2\htdocs\PatientCare\vendor\cakephp\cakephp\src\Http\ActionDispatcher.php(95): Cake\Http\ActionDispatcher->_invoke(Object(App\Controller\UsersController))
#16 C:\xampp2\htdocs\PatientCare\vendor\cakephp\cakephp\src\Http\BaseApplication.php(83): Cake\Http\ActionDispatcher->dispatch(Object(Cake\Network\Request), Object(Cake\Network\Response))
#17 C:\xampp2\htdocs\PatientCare\vendor\cakephp\cakephp\src\Http\Runner.php(65): Cake\Http\BaseApplication->__invoke(Object(Zend\Diactoros\ServerRequest), Object(Zend\Diactoros\Response), Object(Cake\Http\Runner))
#18 C:\xampp2\htdocs\PatientCare\vendor\cakephp\cakephp\src\Routing\Middleware\RoutingMiddleware.php(62): Cake\Http\Runner->__invoke(Object(Zend\Diactoros\ServerRequest), Object(Zend\Diactoros\Response))
#19 C:\xampp2\htdocs\PatientCare\vendor\cakephp\cakephp\src\Http\Runner.php(65): Cake\Routing\Middleware\RoutingMiddleware->__invoke(Object(Zend\Diactoros\ServerRequest), Object(Zend\Diactoros\Response), Object(Cake\Http\Runner))
#20 C:\xampp2\htdocs\PatientCare\vendor\cakephp\cakephp\src\Routing\Middleware\AssetMiddleware.php(88): Cake\Http\Runner->__invoke(Object(Zend\Diactoros\ServerRequest), Object(Zend\Diactoros\Response))
#21 C:\xampp2\htdocs\PatientCare\vendor\cakephp\cakephp\src\Http\Runner.php(65): Cake\Routing\Middleware\AssetMiddleware->__invoke(Object(Zend\Diactoros\ServerRequest), Object(Zend\Diactoros\Response), Object(Cake\Http\Runner))
#22 C:\xampp2\htdocs\PatientCare\vendor\cakephp\cakephp\src\Error\Middleware\ErrorHandlerMiddleware.php(81): Cake\Http\Runner->__invoke(Object(Zend\Diactoros\ServerRequest), Object(Zend\Diactoros\Response))
#23 C:\xampp2\htdocs\PatientCare\vendor\cakephp\cakephp\src\Http\Runner.php(65): Cake\Error\Middleware\ErrorHandlerMiddleware->__invoke(Object(Zend\Diactoros\ServerRequest), Object(Zend\Diactoros\Response), Object(Cake\Http\Runner))
#24 C:\xampp2\htdocs\PatientCare\vendor\cakephp\cakephp\src\Http\Runner.php(51): Cake\Http\Runner->__invoke(Object(Zend\Diactoros\ServerRequest), Object(Zend\Diactoros\Response))
#25 C:\xampp2\htdocs\PatientCare\vendor\cakephp\cakephp\src\Http\Server.php(90): Cake\Http\Runner->run(Object(Cake\Http\MiddlewareQueue), Object(Zend\Diactoros\ServerRequest), Object(Zend\Diactoros\Response))
#26 C:\xampp2\htdocs\PatientCare\webroot\index.php(37): Cake\Http\Server->run()
#27 {main}


2017-02-03 03:46:35 Error: [Cake\Controller\Exception\MissingActionException] Action UsersController::login() could not be found, or is not accessible.
Exception Attributes: array (
  'controller' => 'UsersController',
  'action' => 'login',
  'prefix' => '',
  'plugin' => NULL,
)
Request URL: /users/login
Referer URL: http://localhost/PatientCare/users/login
Stack Trace:
#0 C:\xampp2\htdocs\PatientCare\vendor\cakephp\cakephp\src\Http\ActionDispatcher.php(121): Cake\Controller\Controller->invokeAction()
#1 C:\xampp2\htdocs\PatientCare\vendor\cakephp\cakephp\src\Http\ActionDispatcher.php(95): Cake\Http\ActionDispatcher->_invoke(Object(App\Controller\UsersController))
#2 C:\xampp2\htdocs\PatientCare\vendor\cakephp\cakephp\src\Http\BaseApplication.php(83): Cake\Http\ActionDispatcher->dispatch(Object(Cake\Network\Request), Object(Cake\Network\Response))
#3 C:\xampp2\htdocs\PatientCare\vendor\cakephp\cakephp\src\Http\Runner.php(65): Cake\Http\BaseApplication->__invoke(Object(Zend\Diactoros\ServerRequest), Object(Zend\Diactoros\Response), Object(Cake\Http\Runner))
#4 C:\xampp2\htdocs\PatientCare\vendor\cakephp\cakephp\src\Routing\Middleware\RoutingMiddleware.php(62): Cake\Http\Runner->__invoke(Object(Zend\Diactoros\ServerRequest), Object(Zend\Diactoros\Response))
#5 C:\xampp2\htdocs\PatientCare\vendor\cakephp\cakephp\src\Http\Runner.php(65): Cake\Routing\Middleware\RoutingMiddleware->__invoke(Object(Zend\Diactoros\ServerRequest), Object(Zend\Diactoros\Response), Object(Cake\Http\Runner))
#6 C:\xampp2\htdocs\PatientCare\vendor\cakephp\cakephp\src\Routing\Middleware\AssetMiddleware.php(88): Cake\Http\Runner->__invoke(Object(Zend\Diactoros\ServerRequest), Object(Zend\Diactoros\Response))
#7 C:\xampp2\htdocs\PatientCare\vendor\cakephp\cakephp\src\Http\Runner.php(65): Cake\Routing\Middleware\AssetMiddleware->__invoke(Object(Zend\Diactoros\ServerRequest), Object(Zend\Diactoros\Response), Object(Cake\Http\Runner))
#8 C:\xampp2\htdocs\PatientCare\vendor\cakephp\cakephp\src\Error\Middleware\ErrorHandlerMiddleware.php(81): Cake\Http\Runner->__invoke(Object(Zend\Diactoros\ServerRequest), Object(Zend\Diactoros\Response))
#9 C:\xampp2\htdocs\PatientCare\vendor\cakephp\cakephp\src\Http\Runner.php(65): Cake\Error\Middleware\ErrorHandlerMiddleware->__invoke(Object(Zend\Diactoros\ServerRequest), Object(Zend\Diactoros\Response), Object(Cake\Http\Runner))
#10 C:\xampp2\htdocs\PatientCare\vendor\cakephp\cakephp\src\Http\Runner.php(51): Cake\Http\Runner->__invoke(Object(Zend\Diactoros\ServerRequest), Object(Zend\Diactoros\Response))
#11 C:\xampp2\htdocs\PatientCare\vendor\cakephp\cakephp\src\Http\Server.php(90): Cake\Http\Runner->run(Object(Cake\Http\MiddlewareQueue), Object(Zend\Diactoros\ServerRequest), Object(Zend\Diactoros\Response))
#12 C:\xampp2\htdocs\PatientCare\webroot\index.php(37): Cake\Http\Server->run()
#13 {main}


2017-02-03 03:46:42 Error: [Cake\Controller\Exception\MissingActionException] Action UsersController::login() could not be found, or is not accessible.
Exception Attributes: array (
  'controller' => 'UsersController',
  'action' => 'login',
  'prefix' => '',
  'plugin' => NULL,
)
Request URL: /users/login
Stack Trace:
#0 C:\xampp2\htdocs\PatientCare\vendor\cakephp\cakephp\src\Http\ActionDispatcher.php(121): Cake\Controller\Controller->invokeAction()
#1 C:\xampp2\htdocs\PatientCare\vendor\cakephp\cakephp\src\Http\ActionDispatcher.php(95): Cake\Http\ActionDispatcher->_invoke(Object(App\Controller\UsersController))
#2 C:\xampp2\htdocs\PatientCare\vendor\cakephp\cakephp\src\Http\BaseApplication.php(83): Cake\Http\ActionDispatcher->dispatch(Object(Cake\Network\Request), Object(Cake\Network\Response))
#3 C:\xampp2\htdocs\PatientCare\vendor\cakephp\cakephp\src\Http\Runner.php(65): Cake\Http\BaseApplication->__invoke(Object(Zend\Diactoros\ServerRequest), Object(Zend\Diactoros\Response), Object(Cake\Http\Runner))
#4 C:\xampp2\htdocs\PatientCare\vendor\cakephp\cakephp\src\Routing\Middleware\RoutingMiddleware.php(62): Cake\Http\Runner->__invoke(Object(Zend\Diactoros\ServerRequest), Object(Zend\Diactoros\Response))
#5 C:\xampp2\htdocs\PatientCare\vendor\cakephp\cakephp\src\Http\Runner.php(65): Cake\Routing\Middleware\RoutingMiddleware->__invoke(Object(Zend\Diactoros\ServerRequest), Object(Zend\Diactoros\Response), Object(Cake\Http\Runner))
#6 C:\xampp2\htdocs\PatientCare\vendor\cakephp\cakephp\src\Routing\Middleware\AssetMiddleware.php(88): Cake\Http\Runner->__invoke(Object(Zend\Diactoros\ServerRequest), Object(Zend\Diactoros\Response))
#7 C:\xampp2\htdocs\PatientCare\vendor\cakephp\cakephp\src\Http\Runner.php(65): Cake\Routing\Middleware\AssetMiddleware->__invoke(Object(Zend\Diactoros\ServerRequest), Object(Zend\Diactoros\Response), Object(Cake\Http\Runner))
#8 C:\xampp2\htdocs\PatientCare\vendor\cakephp\cakephp\src\Error\Middleware\ErrorHandlerMiddleware.php(81): Cake\Http\Runner->__invoke(Object(Zend\Diactoros\ServerRequest), Object(Zend\Diactoros\Response))
#9 C:\xampp2\htdocs\PatientCare\vendor\cakephp\cakephp\src\Http\Runner.php(65): Cake\Error\Middleware\ErrorHandlerMiddleware->__invoke(Object(Zend\Diactoros\ServerRequest), Object(Zend\Diactoros\Response), Object(Cake\Http\Runner))
#10 C:\xampp2\htdocs\PatientCare\vendor\cakephp\cakephp\src\Http\Runner.php(51): Cake\Http\Runner->__invoke(Object(Zend\Diactoros\ServerRequest), Object(Zend\Diactoros\Response))
#11 C:\xampp2\htdocs\PatientCare\vendor\cakephp\cakephp\src\Http\Server.php(90): Cake\Http\Runner->run(Object(Cake\Http\MiddlewareQueue), Object(Zend\Diactoros\ServerRequest), Object(Zend\Diactoros\Response))
#12 C:\xampp2\htdocs\PatientCare\webroot\index.php(37): Cake\Http\Server->run()
#13 {main}


2017-02-03 03:46:50 Error: [Cake\Controller\Exception\MissingActionException] Action UsersController::login() could not be found, or is not accessible.
Exception Attributes: array (
  'controller' => 'UsersController',
  'action' => 'login',
  'prefix' => '',
  'plugin' => NULL,
)
Request URL: /users/login
Stack Trace:
#0 C:\xampp2\htdocs\PatientCare\vendor\cakephp\cakephp\src\Http\ActionDispatcher.php(121): Cake\Controller\Controller->invokeAction()
#1 C:\xampp2\htdocs\PatientCare\vendor\cakephp\cakephp\src\Http\ActionDispatcher.php(95): Cake\Http\ActionDispatcher->_invoke(Object(App\Controller\UsersController))
#2 C:\xampp2\htdocs\PatientCare\vendor\cakephp\cakephp\src\Http\BaseApplication.php(83): Cake\Http\ActionDispatcher->dispatch(Object(Cake\Network\Request), Object(Cake\Network\Response))
#3 C:\xampp2\htdocs\PatientCare\vendor\cakephp\cakephp\src\Http\Runner.php(65): Cake\Http\BaseApplication->__invoke(Object(Zend\Diactoros\ServerRequest), Object(Zend\Diactoros\Response), Object(Cake\Http\Runner))
#4 C:\xampp2\htdocs\PatientCare\vendor\cakephp\cakephp\src\Routing\Middleware\RoutingMiddleware.php(62): Cake\Http\Runner->__invoke(Object(Zend\Diactoros\ServerRequest), Object(Zend\Diactoros\Response))
#5 C:\xampp2\htdocs\PatientCare\vendor\cakephp\cakephp\src\Http\Runner.php(65): Cake\Routing\Middleware\RoutingMiddleware->__invoke(Object(Zend\Diactoros\ServerRequest), Object(Zend\Diactoros\Response), Object(Cake\Http\Runner))
#6 C:\xampp2\htdocs\PatientCare\vendor\cakephp\cakephp\src\Routing\Middleware\AssetMiddleware.php(88): Cake\Http\Runner->__invoke(Object(Zend\Diactoros\ServerRequest), Object(Zend\Diactoros\Response))
#7 C:\xampp2\htdocs\PatientCare\vendor\cakephp\cakephp\src\Http\Runner.php(65): Cake\Routing\Middleware\AssetMiddleware->__invoke(Object(Zend\Diactoros\ServerRequest), Object(Zend\Diactoros\Response), Object(Cake\Http\Runner))
#8 C:\xampp2\htdocs\PatientCare\vendor\cakephp\cakephp\src\Error\Middleware\ErrorHandlerMiddleware.php(81): Cake\Http\Runner->__invoke(Object(Zend\Diactoros\ServerRequest), Object(Zend\Diactoros\Response))
#9 C:\xampp2\htdocs\PatientCare\vendor\cakephp\cakephp\src\Http\Runner.php(65): Cake\Error\Middleware\ErrorHandlerMiddleware->__invoke(Object(Zend\Diactoros\ServerRequest), Object(Zend\Diactoros\Response), Object(Cake\Http\Runner))
#10 C:\xampp2\htdocs\PatientCare\vendor\cakephp\cakephp\src\Http\Runner.php(51): Cake\Http\Runner->__invoke(Object(Zend\Diactoros\ServerRequest), Object(Zend\Diactoros\Response))
#11 C:\xampp2\htdocs\PatientCare\vendor\cakephp\cakephp\src\Http\Server.php(90): Cake\Http\Runner->run(Object(Cake\Http\MiddlewareQueue), Object(Zend\Diactoros\ServerRequest), Object(Zend\Diactoros\Response))
#12 C:\xampp2\htdocs\PatientCare\webroot\index.php(37): Cake\Http\Server->run()
#13 {main}


2017-02-03 03:47:24 Error: Fatal Error (4): syntax error, unexpected ']' in [C:\xampp2\htdocs\PatientCare\src\Controller\AppController.php, line 54]
Request URL: /PatientCare/users/login
Trace:
Cake\Error\BaseErrorHandler::handleFatalError() - CORE\src\Error\BaseErrorHandler.php, line 216
Cake\Error\BaseErrorHandler::Cake\Error\{closure}() - CORE\src\Error\BaseErrorHandler.php, line 98
[main] - [internal], line ??



2017-02-03 03:47:25 Error: Fatal Error (4): syntax error, unexpected ']' in [C:\xampp2\htdocs\PatientCare\src\Controller\AppController.php, line 54]
Request URL: /PatientCare/users/login
Trace:
Cake\Error\BaseErrorHandler::handleFatalError() - CORE\src\Error\BaseErrorHandler.php, line 216
Cake\Error\BaseErrorHandler::Cake\Error\{closure}() - CORE\src\Error\BaseErrorHandler.php, line 98
[main] - [internal], line ??



2017-02-03 03:47:45 Error: Fatal Error (4): syntax error, unexpected ')' in [C:\xampp2\htdocs\PatientCare\src\Controller\AppController.php, line 54]
Request URL: /PatientCare/users/login
Trace:
Cake\Error\BaseErrorHandler::handleFatalError() - CORE\src\Error\BaseErrorHandler.php, line 216
Cake\Error\BaseErrorHandler::Cake\Error\{closure}() - CORE\src\Error\BaseErrorHandler.php, line 98
[main] - [internal], line ??



2017-02-03 03:47:46 Error: Fatal Error (4): syntax error, unexpected ')' in [C:\xampp2\htdocs\PatientCare\src\Controller\AppController.php, line 54]
Request URL: /PatientCare/users/login
Trace:
Cake\Error\BaseErrorHandler::handleFatalError() - CORE\src\Error\BaseErrorHandler.php, line 216
Cake\Error\BaseErrorHandler::Cake\Error\{closure}() - CORE\src\Error\BaseErrorHandler.php, line 98
[main] - [internal], line ??



2017-02-03 03:48:01 Error: [Cake\Controller\Exception\MissingActionException] Action UsersController::login() could not be found, or is not accessible.
Exception Attributes: array (
  'controller' => 'UsersController',
  'action' => 'login',
  'prefix' => '',
  'plugin' => NULL,
)
Request URL: /users/login
Stack Trace:
#0 C:\xampp2\htdocs\PatientCare\vendor\cakephp\cakephp\src\Http\ActionDispatcher.php(121): Cake\Controller\Controller->invokeAction()
#1 C:\xampp2\htdocs\PatientCare\vendor\cakephp\cakephp\src\Http\ActionDispatcher.php(95): Cake\Http\ActionDispatcher->_invoke(Object(App\Controller\UsersController))
#2 C:\xampp2\htdocs\PatientCare\vendor\cakephp\cakephp\src\Http\BaseApplication.php(83): Cake\Http\ActionDispatcher->dispatch(Object(Cake\Network\Request), Object(Cake\Network\Response))
#3 C:\xampp2\htdocs\PatientCare\vendor\cakephp\cakephp\src\Http\Runner.php(65): Cake\Http\BaseApplication->__invoke(Object(Zend\Diactoros\ServerRequest), Object(Zend\Diactoros\Response), Object(Cake\Http\Runner))
#4 C:\xampp2\htdocs\PatientCare\vendor\cakephp\cakephp\src\Routing\Middleware\RoutingMiddleware.php(62): Cake\Http\Runner->__invoke(Object(Zend\Diactoros\ServerRequest), Object(Zend\Diactoros\Response))
#5 C:\xampp2\htdocs\PatientCare\vendor\cakephp\cakephp\src\Http\Runner.php(65): Cake\Routing\Middleware\RoutingMiddleware->__invoke(Object(Zend\Diactoros\ServerRequest), Object(Zend\Diactoros\Response), Object(Cake\Http\Runner))
#6 C:\xampp2\htdocs\PatientCare\vendor\cakephp\cakephp\src\Routing\Middleware\AssetMiddleware.php(88): Cake\Http\Runner->__invoke(Object(Zend\Diactoros\ServerRequest), Object(Zend\Diactoros\Response))
#7 C:\xampp2\htdocs\PatientCare\vendor\cakephp\cakephp\src\Http\Runner.php(65): Cake\Routing\Middleware\AssetMiddleware->__invoke(Object(Zend\Diactoros\ServerRequest), Object(Zend\Diactoros\Response), Object(Cake\Http\Runner))
#8 C:\xampp2\htdocs\PatientCare\vendor\cakephp\cakephp\src\Error\Middleware\ErrorHandlerMiddleware.php(81): Cake\Http\Runner->__invoke(Object(Zend\Diactoros\ServerRequest), Object(Zend\Diactoros\Response))
#9 C:\xampp2\htdocs\PatientCare\vendor\cakephp\cakephp\src\Http\Runner.php(65): Cake\Error\Middleware\ErrorHandlerMiddleware->__invoke(Object(Zend\Diactoros\ServerRequest), Object(Zend\Diactoros\Response), Object(Cake\Http\Runner))
#10 C:\xampp2\htdocs\PatientCare\vendor\cakephp\cakephp\src\Http\Runner.php(51): Cake\Http\Runner->__invoke(Object(Zend\Diactoros\ServerRequest), Object(Zend\Diactoros\Response))
#11 C:\xampp2\htdocs\PatientCare\vendor\cakephp\cakephp\src\Http\Server.php(90): Cake\Http\Runner->run(Object(Cake\Http\MiddlewareQueue), Object(Zend\Diactoros\ServerRequest), Object(Zend\Diactoros\Response))
#12 C:\xampp2\htdocs\PatientCare\webroot\index.php(37): Cake\Http\Server->run()
#13 {main}


2017-02-03 03:50:09 Error: [Cake\Controller\Exception\MissingActionException] Action UsersController::logout() could not be found, or is not accessible.
Exception Attributes: array (
  'controller' => 'UsersController',
  'action' => 'logout',
  'prefix' => '',
  'plugin' => NULL,
)
Request URL: /users/logout
Referer URL: http://localhost/PatientCare/users/view/5
Stack Trace:
#0 C:\xampp2\htdocs\PatientCare\vendor\cakephp\cakephp\src\Http\ActionDispatcher.php(121): Cake\Controller\Controller->invokeAction()
#1 C:\xampp2\htdocs\PatientCare\vendor\cakephp\cakephp\src\Http\ActionDispatcher.php(95): Cake\Http\ActionDispatcher->_invoke(Object(App\Controller\UsersController))
#2 C:\xampp2\htdocs\PatientCare\vendor\cakephp\cakephp\src\Http\BaseApplication.php(83): Cake\Http\ActionDispatcher->dispatch(Object(Cake\Network\Request), Object(Cake\Network\Response))
#3 C:\xampp2\htdocs\PatientCare\vendor\cakephp\cakephp\src\Http\Runner.php(65): Cake\Http\BaseApplication->__invoke(Object(Zend\Diactoros\ServerRequest), Object(Zend\Diactoros\Response), Object(Cake\Http\Runner))
#4 C:\xampp2\htdocs\PatientCare\vendor\cakephp\cakephp\src\Routing\Middleware\RoutingMiddleware.php(62): Cake\Http\Runner->__invoke(Object(Zend\Diactoros\ServerRequest), Object(Zend\Diactoros\Response))
#5 C:\xampp2\htdocs\PatientCare\vendor\cakephp\cakephp\src\Http\Runner.php(65): Cake\Routing\Middleware\RoutingMiddleware->__invoke(Object(Zend\Diactoros\ServerRequest), Object(Zend\Diactoros\Response), Object(Cake\Http\Runner))
#6 C:\xampp2\htdocs\PatientCare\vendor\cakephp\cakephp\src\Routing\Middleware\AssetMiddleware.php(88): Cake\Http\Runner->__invoke(Object(Zend\Diactoros\ServerRequest), Object(Zend\Diactoros\Response))
#7 C:\xampp2\htdocs\PatientCare\vendor\cakephp\cakephp\src\Http\Runner.php(65): Cake\Routing\Middleware\AssetMiddleware->__invoke(Object(Zend\Diactoros\ServerRequest), Object(Zend\Diactoros\Response), Object(Cake\Http\Runner))
#8 C:\xampp2\htdocs\PatientCare\vendor\cakephp\cakephp\src\Error\Middleware\ErrorHandlerMiddleware.php(81): Cake\Http\Runner->__invoke(Object(Zend\Diactoros\ServerRequest), Object(Zend\Diactoros\Response))
#9 C:\xampp2\htdocs\PatientCare\vendor\cakephp\cakephp\src\Http\Runner.php(65): Cake\Error\Middleware\ErrorHandlerMiddleware->__invoke(Object(Zend\Diactoros\ServerRequest), Object(Zend\Diactoros\Response), Object(Cake\Http\Runner))
#10 C:\xampp2\htdocs\PatientCare\vendor\cakephp\cakephp\src\Http\Runner.php(51): Cake\Http\Runner->__invoke(Object(Zend\Diactoros\ServerRequest), Object(Zend\Diactoros\Response))
#11 C:\xampp2\htdocs\PatientCare\vendor\cakephp\cakephp\src\Http\Server.php(90): Cake\Http\Runner->run(Object(Cake\Http\MiddlewareQueue), Object(Zend\Diactoros\ServerRequest), Object(Zend\Diactoros\Response))
#12 C:\xampp2\htdocs\PatientCare\webroot\index.php(37): Cake\Http\Server->run()
#13 {main}


2017-02-03 03:55:43 Error: [Cake\Controller\Exception\MissingActionException] Action UsersController::logout() could not be found, or is not accessible.
Exception Attributes: array (
  'controller' => 'UsersController',
  'action' => 'logout',
  'prefix' => '',
  'plugin' => NULL,
)
Request URL: /users/logout
Referer URL: http://localhost/PatientCare/users/login
Stack Trace:
#0 C:\xampp2\htdocs\PatientCare\vendor\cakephp\cakephp\src\Http\ActionDispatcher.php(121): Cake\Controller\Controller->invokeAction()
#1 C:\xampp2\htdocs\PatientCare\vendor\cakephp\cakephp\src\Http\ActionDispatcher.php(95): Cake\Http\ActionDispatcher->_invoke(Object(App\Controller\UsersController))
#2 C:\xampp2\htdocs\PatientCare\vendor\cakephp\cakephp\src\Http\BaseApplication.php(83): Cake\Http\ActionDispatcher->dispatch(Object(Cake\Network\Request), Object(Cake\Network\Response))
#3 C:\xampp2\htdocs\PatientCare\vendor\cakephp\cakephp\src\Http\Runner.php(65): Cake\Http\BaseApplication->__invoke(Object(Zend\Diactoros\ServerRequest), Object(Zend\Diactoros\Response), Object(Cake\Http\Runner))
#4 C:\xampp2\htdocs\PatientCare\vendor\cakephp\cakephp\src\Routing\Middleware\RoutingMiddleware.php(62): Cake\Http\Runner->__invoke(Object(Zend\Diactoros\ServerRequest), Object(Zend\Diactoros\Response))
#5 C:\xampp2\htdocs\PatientCare\vendor\cakephp\cakephp\src\Http\Runner.php(65): Cake\Routing\Middleware\RoutingMiddleware->__invoke(Object(Zend\Diactoros\ServerRequest), Object(Zend\Diactoros\Response), Object(Cake\Http\Runner))
#6 C:\xampp2\htdocs\PatientCare\vendor\cakephp\cakephp\src\Routing\Middleware\AssetMiddleware.php(88): Cake\Http\Runner->__invoke(Object(Zend\Diactoros\ServerRequest), Object(Zend\Diactoros\Response))
#7 C:\xampp2\htdocs\PatientCare\vendor\cakephp\cakephp\src\Http\Runner.php(65): Cake\Routing\Middleware\AssetMiddleware->__invoke(Object(Zend\Diactoros\ServerRequest), Object(Zend\Diactoros\Response), Object(Cake\Http\Runner))
#8 C:\xampp2\htdocs\PatientCare\vendor\cakephp\cakephp\src\Error\Middleware\ErrorHandlerMiddleware.php(81): Cake\Http\Runner->__invoke(Object(Zend\Diactoros\ServerRequest), Object(Zend\Diactoros\Response))
#9 C:\xampp2\htdocs\PatientCare\vendor\cakephp\cakephp\src\Http\Runner.php(65): Cake\Error\Middleware\ErrorHandlerMiddleware->__invoke(Object(Zend\Diactoros\ServerRequest), Object(Zend\Diactoros\Response), Object(Cake\Http\Runner))
#10 C:\xampp2\htdocs\PatientCare\vendor\cakephp\cakephp\src\Http\Runner.php(51): Cake\Http\Runner->__invoke(Object(Zend\Diactoros\ServerRequest), Object(Zend\Diactoros\Response))
#11 C:\xampp2\htdocs\PatientCare\vendor\cakephp\cakephp\src\Http\Server.php(90): Cake\Http\Runner->run(Object(Cake\Http\MiddlewareQueue), Object(Zend\Diactoros\ServerRequest), Object(Zend\Diactoros\Response))
#12 C:\xampp2\htdocs\PatientCare\webroot\index.php(37): Cake\Http\Server->run()
#13 {main}


2017-02-04 08:33:48 Error: Fatal Error (4): syntax error, unexpected '$password' (T_VARIABLE) in [C:\xampp2\htdocs\PatientCare\src\Model\Entity\User.php, line 47]
Request URL: /PatientCare/users/login
Referer URL: http://localhost/PatientCare/users/login
Trace:
Cake\Error\BaseErrorHandler::handleFatalError() - CORE\src\Error\BaseErrorHandler.php, line 216
Cake\Error\BaseErrorHandler::Cake\Error\{closure}() - CORE\src\Error\BaseErrorHandler.php, line 98
[main] - [internal], line ??



2017-02-04 08:33:49 Error: [Cake\Error\FatalErrorException] syntax error, unexpected '$password' (T_VARIABLE)
Request URL: /PatientCare/users/login
Referer URL: http://localhost/PatientCare/users/login
Stack Trace:
#0 C:\xampp2\htdocs\PatientCare\vendor\cakephp\cakephp\src\Error\BaseErrorHandler.php(98): Cake\Error\BaseErrorHandler->handleFatalError(4, 'syntax error, u...', 'C:\\xampp2\\htdoc...', 47)
#1 [internal function]: Cake\Error\BaseErrorHandler->Cake\Error\{closure}()
#2 {main}


2017-02-04 09:52:36 Error: [Cake\Controller\Exception\MissingActionException] Action UsersController::logout() could not be found, or is not accessible.
Exception Attributes: array (
  'controller' => 'UsersController',
  'action' => 'logout',
  'prefix' => '',
  'plugin' => NULL,
)
Request URL: /users/logout
Referer URL: http://localhost/PatientCare/
Stack Trace:
#0 C:\xampp2\htdocs\PatientCare\vendor\cakephp\cakephp\src\Http\ActionDispatcher.php(121): Cake\Controller\Controller->invokeAction()
#1 C:\xampp2\htdocs\PatientCare\vendor\cakephp\cakephp\src\Http\ActionDispatcher.php(95): Cake\Http\ActionDispatcher->_invoke(Object(App\Controller\UsersController))
#2 C:\xampp2\htdocs\PatientCare\vendor\cakephp\cakephp\src\Http\BaseApplication.php(83): Cake\Http\ActionDispatcher->dispatch(Object(Cake\Network\Request), Object(Cake\Network\Response))
#3 C:\xampp2\htdocs\PatientCare\vendor\cakephp\cakephp\src\Http\Runner.php(65): Cake\Http\BaseApplication->__invoke(Object(Zend\Diactoros\ServerRequest), Object(Zend\Diactoros\Response), Object(Cake\Http\Runner))
#4 C:\xampp2\htdocs\PatientCare\vendor\cakephp\cakephp\src\Routing\Middleware\RoutingMiddleware.php(62): Cake\Http\Runner->__invoke(Object(Zend\Diactoros\ServerRequest), Object(Zend\Diactoros\Response))
#5 C:\xampp2\htdocs\PatientCare\vendor\cakephp\cakephp\src\Http\Runner.php(65): Cake\Routing\Middleware\RoutingMiddleware->__invoke(Object(Zend\Diactoros\ServerRequest), Object(Zend\Diactoros\Response), Object(Cake\Http\Runner))
#6 C:\xampp2\htdocs\PatientCare\vendor\cakephp\cakephp\src\Routing\Middleware\AssetMiddleware.php(88): Cake\Http\Runner->__invoke(Object(Zend\Diactoros\ServerRequest), Object(Zend\Diactoros\Response))
#7 C:\xampp2\htdocs\PatientCare\vendor\cakephp\cakephp\src\Http\Runner.php(65): Cake\Routing\Middleware\AssetMiddleware->__invoke(Object(Zend\Diactoros\ServerRequest), Object(Zend\Diactoros\Response), Object(Cake\Http\Runner))
#8 C:\xampp2\htdocs\PatientCare\vendor\cakephp\cakephp\src\Error\Middleware\ErrorHandlerMiddleware.php(81): Cake\Http\Runner->__invoke(Object(Zend\Diactoros\ServerRequest), Object(Zend\Diactoros\Response))
#9 C:\xampp2\htdocs\PatientCare\vendor\cakephp\cakephp\src\Http\Runner.php(65): Cake\Error\Middleware\ErrorHandlerMiddleware->__invoke(Object(Zend\Diactoros\ServerRequest), Object(Zend\Diactoros\Response), Object(Cake\Http\Runner))
#10 C:\xampp2\htdocs\PatientCare\vendor\cakephp\cakephp\src\Http\Runner.php(51): Cake\Http\Runner->__invoke(Object(Zend\Diactoros\ServerRequest), Object(Zend\Diactoros\Response))
#11 C:\xampp2\htdocs\PatientCare\vendor\cakephp\cakephp\src\Http\Server.php(90): Cake\Http\Runner->run(Object(Cake\Http\MiddlewareQueue), Object(Zend\Diactoros\ServerRequest), Object(Zend\Diactoros\Response))
#12 C:\xampp2\htdocs\PatientCare\webroot\index.php(37): Cake\Http\Server->run()
#13 {main}


